2021-06-16 08:09:35,911 [Worker-3: Loading available Gradle versions] INFO  o.e.b.c.i.u.g.PublishedGradleVersions - Gradle version information cache is up-to-date. Trying to read.
2021-06-16 08:42:58,936 [Worker-2: Loading available Gradle versions] INFO  o.e.b.c.i.u.g.PublishedGradleVersions - Gradle version information cache is up-to-date. Trying to read.
2021-06-17 07:06:38,957 [Worker-0: Loading available Gradle versions] INFO  o.e.b.c.i.u.g.PublishedGradleVersions - Gradle version information cache is out-of-date. Trying to update.
2021-06-17 08:21:42,193 [Worker-1: Loading available Gradle versions] INFO  o.e.b.c.i.u.g.PublishedGradleVersions - Gradle version information cache is up-to-date. Trying to read.
2021-06-18 07:43:31,952 [Worker-1: Loading available Gradle versions] INFO  o.e.b.c.i.u.g.PublishedGradleVersions - Gradle version information cache is out-of-date. Trying to update.
2021-06-19 15:03:53,251 [Worker-1: Loading available Gradle versions] INFO  o.e.b.c.i.u.g.PublishedGradleVersions - Gradle version information cache is out-of-date. Trying to update.
2021-06-20 07:13:26,721 [Worker-3: Loading available Gradle versions] INFO  o.e.b.c.i.u.g.PublishedGradleVersions - Gradle version information cache is up-to-date. Trying to read.
2021-06-20 21:29:48,367 [Worker-5: Loading available Gradle versions] INFO  o.e.b.c.i.u.g.PublishedGradleVersions - Gradle version information cache is out-of-date. Trying to update.
2021-06-20 21:36:37,132 [Worker-0: Loading available Gradle versions] INFO  o.e.b.c.i.u.g.PublishedGradleVersions - Gradle version information cache is up-to-date. Trying to read.
2021-06-20 21:55:28,391 [Worker-5: Loading available Gradle versions] INFO  o.e.b.c.i.u.g.PublishedGradleVersions - Gradle version information cache is up-to-date. Trying to read.
2021-06-21 07:56:09,064 [Worker-0: Loading available Gradle versions] INFO  o.e.b.c.i.u.g.PublishedGradleVersions - Gradle version information cache is up-to-date. Trying to read.
2021-06-21 12:51:31,639 [Worker-3: Loading available Gradle versions] INFO  o.e.b.c.i.u.g.PublishedGradleVersions - Gradle version information cache is up-to-date. Trying to read.
2021-06-21 04:12:06,958 [Worker-1: Loading available Gradle versions] INFO  o.e.b.c.i.u.g.PublishedGradleVersions - Gradle version information cache is not available. Remote download required.
2021-06-21 20:04:03,396 [Worker-0: Loading available Gradle versions] INFO  o.e.b.c.i.u.g.PublishedGradleVersions - Gradle version information cache is up-to-date. Trying to read.
2021-06-22 14:52:00,258 [Worker-0: Loading available Gradle versions] INFO  o.e.b.c.i.u.g.PublishedGradleVersions - Gradle version information cache is up-to-date. Trying to read.
2021-06-23 11:31:32,529 [Worker-2: Loading available Gradle versions] INFO  o.e.b.c.i.u.g.PublishedGradleVersions - Gradle version information cache is out-of-date. Trying to update.
2021-06-23 12:07:15,808 [Worker-0: Loading available Gradle versions] INFO  o.e.b.c.i.u.g.PublishedGradleVersions - Gradle version information cache is up-to-date. Trying to read.
2021-06-23 12:25:07,845 [Worker-0: Loading available Gradle versions] INFO  o.e.b.c.i.u.g.PublishedGradleVersions - Gradle version information cache is up-to-date. Trying to read.
2021-06-23 12:53:41,766 [Worker-3: Loading available Gradle versions] INFO  o.e.b.c.i.u.g.PublishedGradleVersions - Gradle version information cache is up-to-date. Trying to read.
2021-06-23 12:55:38,793 [main] INFO  org.eclipse.jetty.util.log - Logging initialized @139316ms to org.eclipse.jetty.util.log.Slf4jLog
2021-06-23 12:55:38,982 [main] INFO  org.eclipse.jetty.server.Server - jetty-9.4.37.v20210219; built: 2021-02-23T06:49:41.320Z; git: 27afab2bd37780d179836e313e0fe11bc4fa0ce9; jvm 16.0.1+9-24
2021-06-23 12:55:39,013 [main] INFO  org.eclipse.jetty.server.session - DefaultSessionIdManager workerName=node0
2021-06-23 12:55:39,014 [main] INFO  org.eclipse.jetty.server.session - No SessionScavenger set, using defaults
2021-06-23 12:55:39,017 [main] INFO  org.eclipse.jetty.server.session - node0 Scavenging every 600000ms
2021-06-23 12:55:39,091 [main] INFO  o.e.j.server.handler.ContextHandler - Started o.e.j.s.ServletContextHandler@4bfb91df{/wse,null,AVAILABLE}
2021-06-23 12:55:39,135 [main] INFO  o.e.jetty.server.AbstractConnector - Started ServerConnector@1ee590b7{HTTP/1.1, (http/1.1)}{0.0.0.0:52935}
2021-06-23 12:55:39,136 [main] INFO  org.eclipse.jetty.server.Server - Started @139662ms
2021-06-23 12:55:39,136 [main] INFO  org.eclipse.jetty.server.session - node0 Scavenging every 660000ms
2021-06-23 13:36:47,946 [Framework stop - Equinox Container: 8281fd3e-f96c-4250-ac00-2c50d5d5f0f2] INFO  o.e.jetty.server.AbstractConnector - Stopped ServerConnector@1ee590b7{HTTP/1.1, (http/1.1)}{0.0.0.0:0}
2021-06-23 13:36:47,947 [Framework stop - Equinox Container: 8281fd3e-f96c-4250-ac00-2c50d5d5f0f2] INFO  org.eclipse.jetty.server.session - node0 Stopped scavenging
2021-06-23 13:36:48,018 [Framework stop - Equinox Container: 8281fd3e-f96c-4250-ac00-2c50d5d5f0f2] INFO  o.e.j.server.handler.ContextHandler - Stopped o.e.j.s.ServletContextHandler@4bfb91df{/wse,null,STOPPED}
2021-06-23 14:37:50,692 [Worker-1: Loading available Gradle versions] INFO  o.e.b.c.i.u.g.PublishedGradleVersions - Gradle version information cache is up-to-date. Trying to read.
2021-06-24 14:32:25,441 [Worker-1: Loading available Gradle versions] INFO  o.e.b.c.i.u.g.PublishedGradleVersions - Gradle version information cache is out-of-date. Trying to update.
